

*******************************************************************************
Tue Mar  3 17:59:13 2026


FIT:    data read from 'out.times.data' using 1:2
        format = x:z
        #datapoints = 11
        residuals are weighted equally (unit weight)

function used for fitting: f(x)
	f(x) = a*x**3
fitted parameters initialized with current variable values

iter      chisq       delta/lim  lambda   a            
   0 1.0524920248e+17   0.00e+00  9.78e+07    1.000000e+00
   5 8.8678665768e-04  -4.64e-08  9.78e+02    3.086282e-09

After 5 iterations the fit converged.
final sum of squares of residuals : 0.000886787
rel. change during last iteration : -4.64351e-13

degrees of freedom    (FIT_NDF)                        : 10
rms of residuals      (FIT_STDFIT) = sqrt(WSSR/ndf)    : 0.00941694
variance of residuals (reduced chisquare) = WSSR/ndf   : 8.86787e-05

Final set of parameters            Asymptotic Standard Error
=======================            ==========================
a               = 3.08628e-09      +/- 2.903e-11    (0.9405%)
